<?xml version="1.0" encoding="UTF-8"?>
<testng-results ignored="0" total="2" passed="2" failed="0" skipped="0">
  <reporter-output>
  </reporter-output>
  <suite started-at="2021-05-25T21:29:15Z" name="Suite" finished-at="2021-05-25T21:29:15Z" duration-ms="66">
    <groups>
    </groups>
    <test started-at="2021-05-25T21:29:15Z" name="Test" finished-at="2021-05-25T21:29:15Z" duration-ms="66">
      <class name="testqa.Mavenjava.SeleniumTest">
        <test-method signature="BrowserAUtomation()[pri:0, instance:testqa.Mavenjava.SeleniumTest@7f284218]" started-at="2021-05-25T21:29:15Z" name="BrowserAUtomation" finished-at="2021-05-25T21:29:15Z" duration-ms="18" status="PASS">
          <reporter-output>
          </reporter-output>
        </test-method> <!-- BrowserAUtomation -->
        <test-method signature="elementsUi()[pri:0, instance:testqa.Mavenjava.SeleniumTest@7f284218]" started-at="2021-05-25T21:29:15Z" name="elementsUi" finished-at="2021-05-25T21:29:15Z" duration-ms="1" status="PASS">
          <reporter-output>
          </reporter-output>
        </test-method> <!-- elementsUi -->
      </class> <!-- testqa.Mavenjava.SeleniumTest -->
    </test> <!-- Test -->
  </suite> <!-- Suite -->
</testng-results>
